<?xml version="1.0" encoding="UTF-8"?>
<robot generator="Robot 3.1.2 (Python 3.7.2 on win32)" generated="20190724 15:38:37.344" rpa="false">
<suite id="s1" name="Demolibrarypython" source="C:\Users\CTEA\PycharmProjects\roboscripts\conditional\demolibrarypython.robot">
<test id="s1-t1" name="Validated Successful addition of numbers">
<kw name="Set Variable" library="BuiltIn">
<doc>Returns the given values which can then be assigned to a variables.</doc>
<arguments>
<arg>2</arg>
</arguments>
<assign>
<var>${param1}</var>
</assign>
<msg timestamp="20190724 15:38:37.375" level="INFO">${param1} = 2</msg>
<status status="PASS" starttime="20190724 15:38:37.375" endtime="20190724 15:38:37.375"></status>
</kw>
<kw name="Set Variable" library="BuiltIn">
<doc>Returns the given values which can then be assigned to a variables.</doc>
<arguments>
<arg>3</arg>
</arguments>
<assign>
<var>${param2}</var>
</assign>
<msg timestamp="20190724 15:38:37.375" level="INFO">${param2} = 3</msg>
<status status="PASS" starttime="20190724 15:38:37.375" endtime="20190724 15:38:37.375"></status>
</kw>
<kw name="Convert To Number" library="BuiltIn">
<doc>Converts the given item to a floating point number.</doc>
<arguments>
<arg>${param1}</arg>
</arguments>
<assign>
<var>${value1}</var>
</assign>
<msg timestamp="20190724 15:38:37.391" level="INFO">${value1} = 2.0</msg>
<status status="PASS" starttime="20190724 15:38:37.375" endtime="20190724 15:38:37.391"></status>
</kw>
<kw name="Convert To Number" library="BuiltIn">
<doc>Converts the given item to a floating point number.</doc>
<arguments>
<arg>${param2}</arg>
</arguments>
<assign>
<var>${value2}</var>
</assign>
<msg timestamp="20190724 15:38:37.391" level="INFO">${value2} = 3.0</msg>
<status status="PASS" starttime="20190724 15:38:37.391" endtime="20190724 15:38:37.391"></status>
</kw>
<kw name="Calculate addition">
<arguments>
<arg>${value1}</arg>
<arg>${value2}</arg>
</arguments>
<assign>
<var>${result} =</var>
</assign>
<msg timestamp="20190724 15:38:37.391" level="FAIL">No keyword with name 'Calculate addition' found.</msg>
<status status="FAIL" starttime="20190724 15:38:37.391" endtime="20190724 15:38:37.391"></status>
</kw>
<doc>Test case to validate user defined library import</doc>
<tags>
<tag>lastRun</tag>
</tags>
<status status="FAIL" starttime="20190724 15:38:37.375" endtime="20190724 15:38:37.391" critical="yes">No keyword with name 'Calculate addition' found.</status>
</test>
<test id="s1-t2" name="Read from CSV File">
<kw name="Open CSV File">
<arguments>
<arg>${CSV_FILENAME}</arg>
</arguments>
<assign>
<var>${fileobj} =</var>
</assign>
<msg timestamp="20190724 15:38:37.391" level="FAIL">No keyword with name 'Open CSV File' found.</msg>
<status status="FAIL" starttime="20190724 15:38:37.391" endtime="20190724 15:38:37.391"></status>
</kw>
<doc>This is test to read from csv file</doc>
<tags>
<tag>currentRun</tag>
</tags>
<status status="FAIL" starttime="20190724 15:38:37.391" endtime="20190724 15:38:37.391" critical="yes">No keyword with name 'Open CSV File' found.</status>
</test>
<status status="FAIL" starttime="20190724 15:38:37.344" endtime="20190724 15:38:37.391"></status>
</suite>
<statistics>
<total>
<stat pass="0" fail="2">Critical Tests</stat>
<stat pass="0" fail="2">All Tests</stat>
</total>
<tag>
<stat pass="0" fail="1">currentRun</stat>
<stat pass="0" fail="1">lastRun</stat>
</tag>
<suite>
<stat pass="0" fail="2" id="s1" name="Demolibrarypython">Demolibrarypython</stat>
</suite>
</statistics>
<errors>
<msg timestamp="20190724 15:38:37.375" level="ERROR">Error in file 'C:\Users\CTEA\PycharmProjects\roboscripts\conditional\demolibrarypython.robot': Resource file '..\Resources\LibraryResources.robot' does not exist.</msg>
</errors>
</robot>
